#
# There is insufficient memory for the Java Runtime Environment to continue.
# Native memory allocation (malloc) failed to allocate 592016 bytes. Error detail: Chunk::new
# Possible reasons:
#   The system is out of physical RAM or swap space
#   This process is running with CompressedOops enabled, and the Java Heap may be blocking the growth of the native heap
# Possible solutions:
#   Reduce memory load on the system
#   Increase physical memory or swap space
#   Check if swap backing store is full
#   Decrease Java heap size (-Xmx/-Xms)
#   Decrease number of Java threads
#   Decrease Java thread stack sizes (-Xss)
#   Set larger code cache with -XX:ReservedCodeCacheSize=
#   JVM is running with Unscaled Compressed Oops mode in which the Java heap is
#     placed in the first 4GB address space. The Java Heap base address is the
#     maximum limit for the native heap growth. Please use -XX:HeapBaseMinAddress
#     to set the Java Heap base and to place the Java Heap above 4GB virtual address.
# This output file may be truncated or incomplete.
#
#  Out of Memory Error (arena.cpp:168), pid=3808, tid=9680
#
# JRE version: OpenJDK Runtime Environment Temurin-21.0.8+9 (21.0.8+9) (build 21.0.8+9-LTS)
# Java VM: OpenJDK 64-Bit Server VM Temurin-21.0.8+9 (21.0.8+9-LTS, mixed mode, sharing, tiered, compressed oops, compressed class ptrs, parallel gc, windows-amd64)
# No core dump will be written. Minidumps are not enabled by default on client versions of Windows
#

---------------  S U M M A R Y ------------

Command Line: --add-modules=ALL-SYSTEM --add-opens=java.base/java.util=ALL-UNNAMED --add-opens=java.base/java.lang=ALL-UNNAMED --add-opens=java.base/sun.nio.fs=ALL-UNNAMED -Declipse.application=org.eclipse.jdt.ls.core.id1 -Dosgi.bundles.defaultStartLevel=4 -Declipse.product=org.eclipse.jdt.ls.core.product -Djava.import.generatesMetadataFilesAtProjectRoot=false -DDetectVMInstallationsJob.disabled=true -Dfile.encoding=utf8 -XX:+UseParallelGC -XX:GCTimeRatio=4 -XX:AdaptiveSizePolicyWeight=90 -Dsun.zip.disableMemoryMapping=true -Xmx2G -Xms100m -Xlog:disable -javaagent:c:\Users\Sam\.vscode\extensions\redhat.java-1.46.0-win32-x64\lombok\lombok-1.18.39-4050.jar -XX:+HeapDumpOnOutOfMemoryError -XX:HeapDumpPath=c:\Users\Sam\AppData\Roaming\Code\User\workspaceStorage\1ce35a80e58fa6f08ee6f6bee9c4b606\redhat.java -Daether.dependencyCollector.impl=bf c:\Users\Sam\.vscode\extensions\redhat.java-1.46.0-win32-x64\server\plugins\org.eclipse.equinox.launcher_1.7.0.v20250519-0528.jar -configuration c:\Users\Sam\AppData\Roaming\Code\User\globalStorage\redhat.java\1.46.0\config_win -data c:\Users\Sam\AppData\Roaming\Code\User\workspaceStorage\1ce35a80e58fa6f08ee6f6bee9c4b606\redhat.java\jdt_ws --pipe=\\.\pipe\lsp-da9e2b213b0943bf075e912deec9a81f-sock

Host: 12th Gen Intel(R) Core(TM) i7-12700H, 20 cores, 23G,  Windows 11 , 64 bit Build 26100 (10.0.26100.6725)
Time: Wed Oct 29 17:01:39 2025 W. Central Africa Standard Time elapsed time: 37.503014 seconds (0d 0h 0m 37s)

---------------  T H R E A D  ---------------

Current thread (0x0000024667c82ff0):  JavaThread "C2 CompilerThread1" daemon [_thread_in_native, id=9680, stack(0x0000007087f00000,0x0000007088000000) (1024K)]


Current CompileTask:
C2:37503 9650   !   4       org.eclipse.jdt.internal.compiler.parser.Scanner::getNextToken0 (3060 bytes)

Stack: [0x0000007087f00000,0x0000007088000000]
Native frames: (J=compiled Java code, j=interpreted, Vv=VM code, C=native code)
V  [jvm.dll+0x6d2449]
V  [jvm.dll+0x8ae341]
V  [jvm.dll+0x8b08be]
V  [jvm.dll+0x8b0fa3]
V  [jvm.dll+0x280c96]
V  [jvm.dll+0xc581d]
V  [jvm.dll+0xc5d53]
V  [jvm.dll+0x3b9162]
V  [jvm.dll+0x385315]
V  [jvm.dll+0x38477a]
V  [jvm.dll+0x248ed0]
V  [jvm.dll+0x2484af]
V  [jvm.dll+0x1c89ee]
V  [jvm.dll+0x257d4d]
V  [jvm.dll+0x2562ea]
V  [jvm.dll+0x3f2d16]
V  [jvm.dll+0x857e6b]
V  [jvm.dll+0x6d0b0d]
C  [ucrtbase.dll+0x37b0]
C  [KERNEL32.DLL+0x2e8d7]
C  [ntdll.dll+0x8c53c]


---------------  P R O C E S S  ---------------

Threads class SMR info:
_java_thread_list=0x000002466ba37610, length=122, elements={
0x00000246073852d0, 0x00000246074203f0, 0x00000246074232d0, 0x0000024607426170,
0x0000024607428d90, 0x000002460742b400, 0x000002460742ba60, 0x000002460742e400,
0x00000246074381d0, 0x0000024660294c80, 0x000002466218d4f0, 0x000002466728c030,
0x00000246602e1880, 0x0000024667139960, 0x0000024667195820, 0x00000246676d3f70,
0x00000246674e1310, 0x00000246622a3210, 0x00000246605074d0, 0x00000246627c6ac0,
0x000002466771a290, 0x0000024667625f50, 0x0000024667dcbbd0, 0x0000024667dc9b00,
0x0000024667dc9470, 0x0000024667dcaeb0, 0x0000024667dca820, 0x0000024667dcb540,
0x0000024667dcc260, 0x000002466a5d2840, 0x000002466a5d1b20, 0x000002466a5d21b0,
0x000002466a5d3560, 0x000002466a5d2ed0, 0x000002466a5d3bf0, 0x000002466a5d4280,
0x000002466a5d0e00, 0x000002466a5d1490, 0x000002466a5d6350, 0x000002466a5d7700,
0x000002466a5d7070, 0x000002466a5d7d90, 0x000002466a5d4910, 0x000002466a5d8420,
0x000002466a5d69e0, 0x000002466a5d4fa0, 0x000002466a5d5630, 0x000002466a5d5cc0,
0x0000024667dc8de0, 0x000002466966f930, 0x0000024669670ce0, 0x000002466966ffc0,
0x0000024669672720, 0x0000024669671370, 0x0000024669671a00, 0x0000024669672db0,
0x0000024669672090, 0x00000246624d1930, 0x00000246624d3a00, 0x00000246624d4720,
0x00000246624d4db0, 0x00000246624d1fc0, 0x00000246624d3370, 0x00000246624d5440,
0x00000246624d5ad0, 0x00000246624d2650, 0x00000246624d6160, 0x00000246624d2ce0,
0x00000246624d7510, 0x00000246624d67f0, 0x00000246624d6e80, 0x00000246624d4090,
0x00000246624d7ba0, 0x00000246624d88c0, 0x00000246624d8230, 0x00000246624d8f50,
0x000002466b975430, 0x000002466b975ac0, 0x000002466b972cd0, 0x000002466b973360,
0x000002466b976e70, 0x000002466b9739f0, 0x000002466b974080, 0x000002466b9767e0,
0x000002466b976150, 0x000002466b977500, 0x000002466b977b90, 0x000002466b974710,
0x000002466b978220, 0x000002466b9788b0, 0x000002466b979c60, 0x000002466b978f40,
0x000002466b9795d0, 0x000002466b97a2f0, 0x000002466a6b8a80, 0x0000024667c82ff0,
0x0000024668784760, 0x000002466d701ca0, 0x000002466967d940, 0x000002466a6bab50,
0x000002466a40f1e0, 0x00000246604aa550, 0x000002466bd6c020, 0x000002466a6bb1e0,
0x000002466a6b7d60, 0x000002466a6b9110, 0x000002466a6b83f0, 0x000002466a6b9e30,
0x000002466a6bbf00, 0x000002466a6bc590, 0x000002466a6bcc20, 0x000002466a6b97a0,
0x000002466a6be660, 0x000002466a6bd2b0, 0x000002466a6becf0, 0x000002466a6bf380,
0x000002466a6bd940, 0x000002466a6bdfd0, 0x000002466d2b7f40, 0x000002466d2b85d0,
0x000002466d2b8c60, 0x000002466d2b92f0
}

Java Threads: ( => current thread )
  0x00000246073852d0 JavaThread "main"                              [_thread_blocked, id=29828, stack(0x0000007085f00000,0x0000007086000000) (1024K)]
  0x00000246074203f0 JavaThread "Reference Handler"          daemon [_thread_blocked, id=29088, stack(0x0000007086300000,0x0000007086400000) (1024K)]
  0x00000246074232d0 JavaThread "Finalizer"                  daemon [_thread_blocked, id=21664, stack(0x0000007086400000,0x0000007086500000) (1024K)]
  0x0000024607426170 JavaThread "Signal Dispatcher"          daemon [_thread_blocked, id=29488, stack(0x0000007086500000,0x0000007086600000) (1024K)]
  0x0000024607428d90 JavaThread "Attach Listener"            daemon [_thread_blocked, id=37100, stack(0x0000007086600000,0x0000007086700000) (1024K)]
  0x000002460742b400 JavaThread "Service Thread"             daemon [_thread_blocked, id=29164, stack(0x0000007086700000,0x0000007086800000) (1024K)]
  0x000002460742ba60 JavaThread "Monitor Deflation Thread"   daemon [_thread_blocked, id=14480, stack(0x0000007086800000,0x0000007086900000) (1024K)]
  0x000002460742e400 JavaThread "C2 CompilerThread0"         daemon [_thread_in_native, id=27004, stack(0x0000007086900000,0x0000007086a00000) (1024K)]
  0x00000246074381d0 JavaThread "C1 CompilerThread0"         daemon [_thread_blocked, id=11868, stack(0x0000007086a00000,0x0000007086b00000) (1024K)]
  0x0000024660294c80 JavaThread "Common-Cleaner"             daemon [_thread_blocked, id=32912, stack(0x0000007086b00000,0x0000007086c00000) (1024K)]
  0x000002466218d4f0 JavaThread "Notification Thread"        daemon [_thread_blocked, id=28364, stack(0x0000007087000000,0x0000007087100000) (1024K)]
  0x000002466728c030 JavaThread "Active Thread: Equinox Container: aebb3e31-cf47-4db9-bb1b-3d424d50739f"        [_thread_blocked, id=23716, stack(0x0000007087900000,0x0000007087a00000) (1024K)]
  0x00000246602e1880 JavaThread "Refresh Thread: Equinox Container: aebb3e31-cf47-4db9-bb1b-3d424d50739f" daemon [_thread_blocked, id=14116, stack(0x0000007086d00000,0x0000007086e00000) (1024K)]
  0x0000024667139960 JavaThread "Framework Event Dispatcher: Equinox Container: aebb3e31-cf47-4db9-bb1b-3d424d50739f" daemon [_thread_blocked, id=37868, stack(0x0000007086e00000,0x0000007086f00000) (1024K)]
  0x0000024667195820 JavaThread "Start Level: Equinox Container: aebb3e31-cf47-4db9-bb1b-3d424d50739f" daemon [_thread_blocked, id=19632, stack(0x0000007087600000,0x0000007087700000) (1024K)]
  0x00000246676d3f70 JavaThread "Bundle File Closer"         daemon [_thread_blocked, id=29388, stack(0x0000007087c00000,0x0000007087d00000) (1024K)]
  0x00000246674e1310 JavaThread "C1 CompilerThread1"         daemon [_thread_in_native, id=36256, stack(0x0000007086c00000,0x0000007086d00000) (1024K)]
  0x00000246622a3210 JavaThread "SCR Component Actor"        daemon [_thread_blocked, id=19832, stack(0x0000007087d00000,0x0000007087e00000) (1024K)]
  0x00000246605074d0 JavaThread "Worker-JM"                         [_thread_blocked, id=20604, stack(0x0000007088200000,0x0000007088300000) (1024K)]
  0x00000246627c6ac0 JavaThread "C1 CompilerThread2"         daemon [_thread_in_vm, id=6824, stack(0x0000007088300000,0x0000007088400000) (1024K)]
  0x000002466771a290 JavaThread "C1 CompilerThread3"         daemon [_thread_in_native, id=30700, stack(0x0000007088400000,0x0000007088500000) (1024K)]
  0x0000024667625f50 JavaThread "JNA Cleaner"                daemon [_thread_blocked, id=17620, stack(0x0000007088000000,0x0000007088100000) (1024K)]
  0x0000024667dcbbd0 JavaThread "Worker-0: Initialize After Load"        [_thread_blocked, id=30472, stack(0x0000007088100000,0x0000007088200000) (1024K)]
  0x0000024667dc9b00 JavaThread "Worker-1: Building"                [_thread_blocked, id=36432, stack(0x0000007088700000,0x0000007088800000) (1024K)]
  0x0000024667dc9470 JavaThread "Worker-2"                          [_thread_blocked, id=22796, stack(0x0000007088800000,0x0000007088900000) (1024K)]
  0x0000024667dcaeb0 JavaThread "Java indexing"              daemon [_thread_blocked, id=25936, stack(0x0000007088b00000,0x0000007088c00000) (1024K)]
  0x0000024667dca820 JavaThread "Worker-3: Updating Maven Dependencies"        [_thread_blocked, id=14900, stack(0x0000007088f00000,0x0000007089000000) (1024K)]
  0x0000024667dcb540 JavaThread "Worker-4"                          [_thread_blocked, id=11928, stack(0x0000007089000000,0x0000007089100000) (1024K)]
  0x0000024667dcc260 JavaThread "Thread-1"                   daemon [_thread_in_native, id=25368, stack(0x0000007089100000,0x0000007089200000) (1024K)]
  0x000002466a5d2840 JavaThread "Thread-2"                   daemon [_thread_in_native, id=14912, stack(0x0000007089200000,0x0000007089300000) (1024K)]
  0x000002466a5d1b20 JavaThread "Thread-3"                   daemon [_thread_in_native, id=29072, stack(0x0000007089300000,0x0000007089400000) (1024K)]
  0x000002466a5d21b0 JavaThread "Thread-4"                   daemon [_thread_in_native, id=32720, stack(0x0000007089400000,0x0000007089500000) (1024K)]
  0x000002466a5d3560 JavaThread "Thread-5"                   daemon [_thread_in_native, id=21292, stack(0x0000007089500000,0x0000007089600000) (1024K)]
  0x000002466a5d2ed0 JavaThread "Thread-6"                   daemon [_thread_in_native, id=33316, stack(0x0000007089600000,0x0000007089700000) (1024K)]
  0x000002466a5d3bf0 JavaThread "Thread-7"                   daemon [_thread_in_native, id=18416, stack(0x0000007089700000,0x0000007089800000) (1024K)]
  0x000002466a5d4280 JavaThread "Thread-8"                   daemon [_thread_in_native, id=22296, stack(0x0000007089800000,0x0000007089900000) (1024K)]
  0x000002466a5d0e00 JavaThread "Thread-9"                   daemon [_thread_in_native, id=900, stack(0x0000007089900000,0x0000007089a00000) (1024K)]
  0x000002466a5d1490 JavaThread "Thread-10"                  daemon [_thread_in_native, id=26816, stack(0x0000007089a00000,0x0000007089b00000) (1024K)]
  0x000002466a5d6350 JavaThread "Thread-11"                  daemon [_thread_in_native, id=20828, stack(0x0000007089b00000,0x0000007089c00000) (1024K)]
  0x000002466a5d7700 JavaThread "Thread-12"                  daemon [_thread_in_native, id=36544, stack(0x0000007089c00000,0x0000007089d00000) (1024K)]
  0x000002466a5d7070 JavaThread "Thread-13"                  daemon [_thread_in_native, id=2840, stack(0x0000007089d00000,0x0000007089e00000) (1024K)]
  0x000002466a5d7d90 JavaThread "Thread-14"                  daemon [_thread_in_native, id=12460, stack(0x0000007089e00000,0x0000007089f00000) (1024K)]
  0x000002466a5d4910 JavaThread "Thread-15"                  daemon [_thread_in_native, id=29752, stack(0x0000007089f00000,0x000000708a000000) (1024K)]
  0x000002466a5d8420 JavaThread "Thread-16"                  daemon [_thread_in_native, id=20512, stack(0x000000708a000000,0x000000708a100000) (1024K)]
  0x000002466a5d69e0 JavaThread "Thread-17"                  daemon [_thread_in_native, id=24752, stack(0x000000708a100000,0x000000708a200000) (1024K)]
  0x000002466a5d4fa0 JavaThread "Thread-18"                  daemon [_thread_in_native, id=14192, stack(0x000000708a200000,0x000000708a300000) (1024K)]
  0x000002466a5d5630 JavaThread "Thread-19"                  daemon [_thread_in_native, id=15560, stack(0x000000708a300000,0x000000708a400000) (1024K)]
  0x000002466a5d5cc0 JavaThread "Thread-20"                  daemon [_thread_in_native, id=26688, stack(0x000000708a400000,0x000000708a500000) (1024K)]
  0x0000024667dc8de0 JavaThread "Thread-21"                  daemon [_thread_in_native, id=22572, stack(0x000000708a500000,0x000000708a600000) (1024K)]
  0x000002466966f930 JavaThread "Worker-5"                          [_thread_blocked, id=6148, stack(0x000000708a600000,0x000000708a700000) (1024K)]
  0x0000024669670ce0 JavaThread "Worker-6: Synchronize Gradle projects with workspace"        [_thread_blocked, id=24720, stack(0x000000708a700000,0x000000708a800000) (1024K)]
  0x000002466966ffc0 JavaThread "pool-2-thread-1"                   [_thread_blocked, id=11860, stack(0x000000708a800000,0x000000708a900000) (1024K)]
  0x0000024669672720 JavaThread "Timer-0"                           [_thread_blocked, id=36616, stack(0x000000708ab00000,0x000000708ac00000) (1024K)]
  0x0000024669671370 JavaThread "Timer-1"                           [_thread_blocked, id=3416, stack(0x000000708ac00000,0x000000708ad00000) (1024K)]
  0x0000024669671a00 JavaThread "LocalFile Deleter"          daemon [_thread_blocked, id=12012, stack(0x000000708af00000,0x000000708b000000) (1024K)]
  0x0000024669672db0 JavaThread "LocalFile Deleter"          daemon [_thread_blocked, id=32296, stack(0x000000708b000000,0x000000708b100000) (1024K)]
  0x0000024669672090 JavaThread "LocalFile Deleter"          daemon [_thread_blocked, id=28260, stack(0x000000708b100000,0x000000708b200000) (1024K)]
  0x00000246624d1930 JavaThread "LocalFile Deleter"          daemon [_thread_blocked, id=35200, stack(0x000000708b200000,0x000000708b300000) (1024K)]
  0x00000246624d3a00 JavaThread "LocalFile Deleter"          daemon [_thread_blocked, id=25792, stack(0x000000708b300000,0x000000708b400000) (1024K)]
  0x00000246624d4720 JavaThread "LocalFile Deleter"          daemon [_thread_blocked, id=3152, stack(0x000000708b400000,0x000000708b500000) (1024K)]
  0x00000246624d4db0 JavaThread "LocalFile Deleter"          daemon [_thread_blocked, id=33356, stack(0x000000708b500000,0x000000708b600000) (1024K)]
  0x00000246624d1fc0 JavaThread "LocalFile Deleter"          daemon [_thread_blocked, id=21960, stack(0x000000708b600000,0x000000708b700000) (1024K)]
  0x00000246624d3370 JavaThread "LocalFile Deleter"          daemon [_thread_blocked, id=35020, stack(0x000000708b700000,0x000000708b800000) (1024K)]
  0x00000246624d5440 JavaThread "LocalFile Deleter"          daemon [_thread_blocked, id=24216, stack(0x000000708b800000,0x000000708b900000) (1024K)]
  0x00000246624d5ad0 JavaThread "LocalFile Deleter"          daemon [_thread_blocked, id=16760, stack(0x000000708b900000,0x000000708ba00000) (1024K)]
  0x00000246624d2650 JavaThread "LocalFile Deleter"          daemon [_thread_blocked, id=22080, stack(0x000000708ba00000,0x000000708bb00000) (1024K)]
  0x00000246624d6160 JavaThread "LocalFile Deleter"          daemon [_thread_blocked, id=29484, stack(0x000000708bb00000,0x000000708bc00000) (1024K)]
  0x00000246624d2ce0 JavaThread "LocalFile Deleter"          daemon [_thread_blocked, id=21084, stack(0x000000708bc00000,0x000000708bd00000) (1024K)]
  0x00000246624d7510 JavaThread "LocalFile Deleter"          daemon [_thread_blocked, id=1312, stack(0x000000708bd00000,0x000000708be00000) (1024K)]
  0x00000246624d67f0 JavaThread "LocalFile Deleter"          daemon [_thread_blocked, id=29836, stack(0x000000708be00000,0x000000708bf00000) (1024K)]
  0x00000246624d6e80 JavaThread "LocalFile Deleter"          daemon [_thread_blocked, id=14932, stack(0x000000708bf00000,0x000000708c000000) (1024K)]
  0x00000246624d4090 JavaThread "LocalFile Deleter"          daemon [_thread_blocked, id=3904, stack(0x000000708c000000,0x000000708c100000) (1024K)]
  0x00000246624d7ba0 JavaThread "LocalFile Deleter"          daemon [_thread_blocked, id=22172, stack(0x000000708c100000,0x000000708c200000) (1024K)]
  0x00000246624d88c0 JavaThread "LocalFile Deleter"          daemon [_thread_blocked, id=28708, stack(0x000000708c200000,0x000000708c300000) (1024K)]
  0x00000246624d8230 JavaThread "Compiler Source File Reader" daemon [_thread_blocked, id=6888, stack(0x000000708c300000,0x000000708c400000) (1024K)]
  0x00000246624d8f50 JavaThread "Compiler Source File Reader" daemon [_thread_blocked, id=27632, stack(0x000000708c400000,0x000000708c500000) (1024K)]
  0x000002466b975430 JavaThread "Compiler Source File Reader" daemon [_thread_blocked, id=33904, stack(0x000000708c500000,0x000000708c600000) (1024K)]
  0x000002466b975ac0 JavaThread "Compiler Source File Reader" daemon [_thread_blocked, id=8400, stack(0x000000708c600000,0x000000708c700000) (1024K)]
  0x000002466b972cd0 JavaThread "Compiler Source File Reader" daemon [_thread_blocked, id=12768, stack(0x000000708c700000,0x000000708c800000) (1024K)]
  0x000002466b973360 JavaThread "Compiler Source File Reader" daemon [_thread_blocked, id=19920, stack(0x000000708c800000,0x000000708c900000) (1024K)]
  0x000002466b976e70 JavaThread "Compiler Source File Reader" daemon [_thread_blocked, id=20464, stack(0x000000708c900000,0x000000708ca00000) (1024K)]
  0x000002466b9739f0 JavaThread "Compiler Source File Reader" daemon [_thread_blocked, id=13152, stack(0x000000708ca00000,0x000000708cb00000) (1024K)]
  0x000002466b974080 JavaThread "Compiler Source File Reader" daemon [_thread_blocked, id=32308, stack(0x000000708cb00000,0x000000708cc00000) (1024K)]
  0x000002466b9767e0 JavaThread "Compiler Source File Reader" daemon [_thread_blocked, id=17128, stack(0x000000708cc00000,0x000000708cd00000) (1024K)]
  0x000002466b976150 JavaThread "Compiler Source File Reader" daemon [_thread_blocked, id=24148, stack(0x000000708cd00000,0x000000708ce00000) (1024K)]
  0x000002466b977500 JavaThread "Compiler Source File Reader" daemon [_thread_blocked, id=25440, stack(0x000000708ce00000,0x000000708cf00000) (1024K)]
  0x000002466b977b90 JavaThread "Compiler Source File Reader" daemon [_thread_blocked, id=26844, stack(0x000000708cf00000,0x000000708d000000) (1024K)]
  0x000002466b974710 JavaThread "Compiler Source File Reader" daemon [_thread_blocked, id=18452, stack(0x000000708d000000,0x000000708d100000) (1024K)]
  0x000002466b978220 JavaThread "Compiler Source File Reader" daemon [_thread_blocked, id=22552, stack(0x000000708d100000,0x000000708d200000) (1024K)]
  0x000002466b9788b0 JavaThread "Connection worker"                 [_thread_in_native, id=37332, stack(0x000000708d300000,0x000000708d400000) (1024K)]
  0x000002466b979c60 JavaThread "WorkspaceEventsHandler"            [_thread_blocked, id=34156, stack(0x000000708d400000,0x000000708d500000) (1024K)]
  0x000002466b978f40 JavaThread "pool-1-thread-1"                   [_thread_blocked, id=4932, stack(0x000000708d500000,0x000000708d600000) (1024K)]
  0x000002466b9795d0 JavaThread "Keep-Alive-Timer"           daemon [_thread_blocked, id=14072, stack(0x000000708d600000,0x000000708d700000) (1024K)]
  0x000002466b97a2f0 JavaThread "Worker-7"                          [_thread_blocked, id=18632, stack(0x000000708d700000,0x000000708d800000) (1024K)]
  0x000002466a6b8a80 JavaThread "Worker-8"                          [_thread_blocked, id=4032, stack(0x000000708d800000,0x000000708d900000) (1024K)]
=>0x0000024667c82ff0 JavaThread "C2 CompilerThread1"         daemon [_thread_in_native, id=9680, stack(0x0000007087f00000,0x0000007088000000) (1024K)]
  0x0000024668784760 JavaThread "C2 CompilerThread2"         daemon [_thread_in_native, id=25668, stack(0x0000007088900000,0x0000007088a00000) (1024K)]
  0x000002466d701ca0 JavaThread "C2 CompilerThread3"         daemon [_thread_in_native, id=22876, stack(0x0000007088a00000,0x0000007088b00000) (1024K)]
  0x000002466967d940 JavaThread "C2 CompilerThread4"         daemon [_thread_in_native, id=35512, stack(0x0000007088c00000,0x0000007088d00000) (1024K)]
  0x000002466a6bab50 JavaThread "ForkJoinPool.commonPool-worker-1" daemon [_thread_blocked, id=1556, stack(0x000000708a900000,0x000000708aa00000) (1024K)]
  0x000002466a40f1e0 JavaThread "C2 CompilerThread5"         daemon [_thread_in_native, id=34424, stack(0x000000708aa00000,0x000000708ab00000) (1024K)]
  0x00000246604aa550 JavaThread "C2 CompilerThread6"         daemon [_thread_in_native, id=22204, stack(0x000000708d200000,0x000000708d300000) (1024K)]
  0x000002466bd6c020 JavaThread "C2 CompilerThread7"         daemon [_thread_in_vm, id=1928, stack(0x000000708d900000,0x000000708da00000) (1024K)]
  0x000002466a6bb1e0 JavaThread "Compiler Processing Task"   daemon [_thread_in_Java, id=25120, stack(0x000000708da00000,0x000000708db00000) (1024K)]
  0x000002466a6b7d60 JavaThread "Compiler Class File Writer" daemon [_thread_blocked, id=23480, stack(0x000000708db00000,0x000000708dc00000) (1024K)]
  0x000002466a6b9110 JavaThread "Compiler Class File Writer" daemon [_thread_blocked, id=9748, stack(0x000000708dc00000,0x000000708dd00000) (1024K)]
  0x000002466a6b83f0 JavaThread "Compiler Class File Writer" daemon [_thread_blocked, id=15268, stack(0x000000708dd00000,0x000000708de00000) (1024K)]
  0x000002466a6b9e30 JavaThread "Compiler Class File Writer" daemon [_thread_blocked, id=22628, stack(0x000000708de00000,0x000000708df00000) (1024K)]
  0x000002466a6bbf00 JavaThread "Compiler Class File Writer" daemon [_thread_blocked, id=21956, stack(0x000000708df00000,0x000000708e000000) (1024K)]
  0x000002466a6bc590 JavaThread "Compiler Class File Writer" daemon [_thread_blocked, id=26204, stack(0x000000708e000000,0x000000708e100000) (1024K)]
  0x000002466a6bcc20 JavaThread "Compiler Class File Writer" daemon [_thread_blocked, id=12728, stack(0x000000708e100000,0x000000708e200000) (1024K)]
  0x000002466a6b97a0 JavaThread "Compiler Class File Writer" daemon [_thread_blocked, id=29692, stack(0x000000708e200000,0x000000708e300000) (1024K)]
  0x000002466a6be660 JavaThread "Compiler Class File Writer" daemon [_thread_blocked, id=27760, stack(0x000000708e300000,0x000000708e400000) (1024K)]
  0x000002466a6bd2b0 JavaThread "Compiler Class File Writer" daemon [_thread_blocked, id=36144, stack(0x000000708e400000,0x000000708e500000) (1024K)]
  0x000002466a6becf0 JavaThread "Compiler Class File Writer" daemon [_thread_blocked, id=28956, stack(0x000000708e500000,0x000000708e600000) (1024K)]
  0x000002466a6bf380 JavaThread "Compiler Class File Writer" daemon [_thread_blocked, id=12456, stack(0x000000708e600000,0x000000708e700000) (1024K)]
  0x000002466a6bd940 JavaThread "Compiler Class File Writer" daemon [_thread_blocked, id=11260, stack(0x000000708e700000,0x000000708e800000) (1024K)]
  0x000002466a6bdfd0 JavaThread "Compiler Class File Writer" daemon [_thread_blocked, id=32468, stack(0x000000708e800000,0x000000708e900000) (1024K)]
  0x000002466d2b7f40 JavaThread "Compiler Class File Writer" daemon [_thread_blocked, id=34936, stack(0x000000708e900000,0x000000708ea00000) (1024K)]
  0x000002466d2b85d0 JavaThread "Compiler Class File Writer" daemon [_thread_blocked, id=12932, stack(0x000000708ea00000,0x000000708eb00000) (1024K)]
  0x000002466d2b8c60 JavaThread "Compiler Class File Writer" daemon [_thread_blocked, id=23752, stack(0x000000708eb00000,0x000000708ec00000) (1024K)]
  0x000002466d2b92f0 JavaThread "Compiler Class File Writer" daemon [_thread_blocked, id=14068, stack(0x000000708ec00000,0x000000708ed00000) (1024K)]
Total: 122

Other Threads:
  0x0000024607313fb0 VMThread "VM Thread"                           [id=22252, stack(0x0000007086200000,0x0000007086300000) (1024K)]
  0x000002460720ca00 WatcherThread "VM Periodic Task Thread"        [id=1916, stack(0x0000007086100000,0x0000007086200000) (1024K)]
  0x00000246073a4660 WorkerThread "GC Thread#0"                     [id=15564, stack(0x0000007086000000,0x0000007086100000) (1024K)]
  0x000002466237b0a0 WorkerThread "GC Thread#1"                     [id=15632, stack(0x0000007086f00000,0x0000007087000000) (1024K)]
  0x00000246627880b0 WorkerThread "GC Thread#2"                     [id=28400, stack(0x0000007087100000,0x0000007087200000) (1024K)]
  0x0000024662788450 WorkerThread "GC Thread#3"                     [id=28784, stack(0x0000007087200000,0x0000007087300000) (1024K)]
  0x00000246627887f0 WorkerThread "GC Thread#4"                     [id=22700, stack(0x0000007087300000,0x0000007087400000) (1024K)]
  0x000002466217e580 WorkerThread "GC Thread#5"                     [id=2260, stack(0x0000007087400000,0x0000007087500000) (1024K)]
  0x000002466217e920 WorkerThread "GC Thread#6"                     [id=28084, stack(0x0000007087500000,0x0000007087600000) (1024K)]
  0x0000024667496fd0 WorkerThread "GC Thread#7"                     [id=4444, stack(0x0000007087a00000,0x0000007087b00000) (1024K)]
  0x00000246672290c0 WorkerThread "GC Thread#8"                     [id=15420, stack(0x0000007087700000,0x0000007087800000) (1024K)]
  0x00000246676d4ea0 WorkerThread "GC Thread#9"                     [id=23308, stack(0x0000007087800000,0x0000007087900000) (1024K)]
  0x000002466263de10 WorkerThread "GC Thread#10"                    [id=33700, stack(0x0000007087b00000,0x0000007087c00000) (1024K)]
  0x000002466263c850 WorkerThread "GC Thread#11"                    [id=18504, stack(0x0000007087e00000,0x0000007087f00000) (1024K)]
  0x000002466263c4b0 WorkerThread "GC Thread#12"                    [id=4596, stack(0x0000007088500000,0x0000007088600000) (1024K)]
  0x000002466263d6d0 WorkerThread "GC Thread#13"                    [id=37776, stack(0x0000007088600000,0x0000007088700000) (1024K)]
  0x000002466263cf90 WorkerThread "GC Thread#14"                    [id=28428, stack(0x0000007085d00000,0x0000007085e00000) (1024K)]
Total: 17

Threads with active compile tasks:
C2 CompilerThread0  37581 9870       4       lombok.eclipse.EclipseAST::drill (80 bytes)
C1 CompilerThread2  37581 10054       2       org.eclipse.jdt.internal.compiler.ClassFile::generateStackMapTableAttribute (2566 bytes)
C2 CompilerThread1  37581 9650   !   4       org.eclipse.jdt.internal.compiler.parser.Scanner::getNextToken0 (3060 bytes)
C2 CompilerThread2  37582 9551       4       org.eclipse.jdt.internal.compiler.lookup.Scope::findTypeInOnDemandImports (304 bytes)
C2 CompilerThread3  37582 8896 %     4       org.eclipse.jdt.internal.compiler.lookup.BinaryTypeBinding::createMethod @ 331 (1666 bytes)
C2 CompilerThread4  37583 9871       4       lombok.core.AST::replaceNewWithExistingOld (107 bytes)
C2 CompilerThread5  37583 9621       4       org.eclipse.jdt.internal.compiler.lookup.CompilationUnitScope::recordQualifiedReference (103 bytes)
C2 CompilerThread6  37583 9441   !   4       org.eclipse.jdt.internal.compiler.parser.Parser::parse (946 bytes)
C2 CompilerThread7  37584 9973   !   4       org.eclipse.jdt.internal.compiler.lookup.Scope::getBinding (1524 bytes)
Total: 9

VM state: not at safepoint (normal execution)

VM Mutex/Monitor currently owned by a thread: None

Heap address: 0x0000000080000000, size: 2048 MB, Compressed Oops mode: 32-bit

CDS archive(s) mapped at: [0x000002461e000000-0x000002461eba0000-0x000002461eba0000), size 12189696, SharedBaseAddress: 0x000002461e000000, ArchiveRelocationMode: 1.
Compressed class space mapped at: 0x000002461f000000-0x000002465f000000, reserved size: 1073741824
Narrow klass base: 0x000002461e000000, Narrow klass shift: 0, Narrow klass range: 0x100000000

GC Precious Log:
 CardTable entry size: 512
 CPUs: 20 total, 20 available
 Memory: 24243M
 Large Page Support: Disabled
 NUMA Support: Disabled
 Compressed Oops: Enabled (32-bit)
 Alignments: Space 512K, Generation 512K, Heap 2M
 Heap Min Capacity: 100M
 Heap Initial Capacity: 100M
 Heap Max Capacity: 2G
 Pre-touch: Disabled
 Parallel Workers: 15

Heap:
 PSYoungGen      total 10752K, used 4219K [0x00000000d5580000, 0x00000000d6b80000, 0x0000000100000000)
  eden space 8704K, 25% used [0x00000000d5580000,0x00000000d57a2c98,0x00000000d5e00000)
  from space 2048K, 99% used [0x00000000d6380000,0x00000000d657c040,0x00000000d6580000)
  to   space 5632K, 0% used [0x00000000d5e00000,0x00000000d5e00000,0x00000000d6380000)
 ParOldGen       total 68608K, used 65060K [0x0000000080000000, 0x0000000084300000, 0x00000000d5580000)
  object space 68608K, 94% used [0x0000000080000000,0x0000000083f89250,0x0000000084300000)
 Metaspace       used 63039K, committed 64320K, reserved 1114112K
  class space    used 6776K, committed 7360K, reserved 1048576K

Card table byte_map: [0x0000024606d20000,0x0000024607130000] _byte_map_base: 0x0000024606920000

Marking Bits: (ParMarkBitMap*) 0x00007ff8db54a340
 Begin Bits: [0x0000024619820000, 0x000002461b820000)
 End Bits:   [0x000002461b820000, 0x000002461d820000)

Polling page: 0x0000024604ed0000

Metaspace:

Usage:
  Non-class:     54.94 MB used.
      Class:      6.62 MB used.
       Both:     61.56 MB used.

Virtual space:
  Non-class space:       64.00 MB reserved,      55.62 MB ( 87%) committed,  1 nodes.
      Class space:        1.00 GB reserved,       7.19 MB ( <1%) committed,  1 nodes.
             Both:        1.06 GB reserved,      62.81 MB (  6%) committed. 

Chunk freelists:
   Non-Class:  8.03 MB
       Class:  8.65 MB
        Both:  16.68 MB

MaxMetaspaceSize: unlimited
CompressedClassSpaceSize: 1.00 GB
Initial GC threshold: 21.00 MB
Current GC threshold: 97.31 MB
CDS: on
 - commit_granule_bytes: 65536.
 - commit_granule_words: 8192.
 - virtual_space_node_default_size: 8388608.
 - enlarge_chunks_in_place: 1.
 - use_allocation_guard: 0.


Internal statistics:

num_allocs_failed_limit: 11.
num_arena_births: 1042.
num_arena_deaths: 26.
num_vsnodes_births: 2.
num_vsnodes_deaths: 0.
num_space_committed: 1005.
num_space_uncommitted: 0.
num_chunks_returned_to_freelist: 41.
num_chunks_taken_from_freelist: 3925.
num_chunk_merges: 17.
num_chunk_splits: 2304.
num_chunks_enlarged: 1201.
num_inconsistent_stats: 0.

CodeHeap 'non-profiled nmethods': size=119168Kb used=5138Kb max_used=5138Kb free=114029Kb
 bounds [0x0000024612110000, 0x0000024612620000, 0x0000024619570000]
CodeHeap 'profiled nmethods': size=119104Kb used=21053Kb max_used=21053Kb free=98050Kb
 bounds [0x000002460a570000, 0x000002460ba00000, 0x00000246119c0000]
CodeHeap 'non-nmethods': size=7488Kb used=3144Kb max_used=3206Kb free=4344Kb
 bounds [0x00000246119c0000, 0x0000024611d30000, 0x0000024612110000]
CodeCache: size=245760Kb, used=29335Kb, max_used=29397Kb, free=216423Kb
 total_blobs=9853, nmethods=9084, adapters=671, full_count=0
Compilation: enabled, stopped_count=0, restarted_count=0

Compilation events (20 events):
Event: 37.492 Thread 0x000002466771a290 nmethod 9866 0x000002460b97f090 code [0x000002460b97f220, 0x000002460b97f350]
Event: 37.492 Thread 0x00000246627c6ac0 nmethod 9904 0x000002460b97f410 code [0x000002460b97f600, 0x000002460b97fa08]
Event: 37.492 Thread 0x000002466771a290 9893       1       org.eclipse.jdt.internal.core.index.IndexQualifier::getCategory (5 bytes)
Event: 37.492 Thread 0x00000246674e1310 9894       1       org.eclipse.jdt.internal.core.index.IndexQualifier::getKey (5 bytes)
Event: 37.493 Thread 0x000002466771a290 nmethod 9893 0x00000246125edf10 code [0x00000246125ee0a0, 0x00000246125ee168]
Event: 37.493 Thread 0x00000246674e1310 nmethod 9894 0x00000246125ee210 code [0x00000246125ee3a0, 0x00000246125ee468]
Event: 37.493 Thread 0x00000246627c6ac0 9896       2       org.eclipse.jdt.internal.core.index.MetaIndex::addIndexEntry (27 bytes)
Event: 37.493 Thread 0x000002466771a290 9897       2       org.eclipse.jdt.internal.core.index.MetaIndex$$Lambda/0x000002461f753ca0::<init> (10 bytes)
Event: 37.493 Thread 0x00000246674e1310 9783       2       org.eclipse.jdt.internal.compiler.lookup.MissingTypeBinding::collectMissingTypes (38 bytes)
Event: 37.494 Thread 0x000002466771a290 nmethod 9897 0x000002460b97fb90 code [0x000002460b97fd20, 0x000002460b97fe40]
Event: 37.494 Thread 0x00000246674e1310 nmethod 9783 0x000002460b97ff10 code [0x000002460b9800e0, 0x000002460b980340]
Event: 37.494 Thread 0x000002466771a290 9853       2       org.eclipse.jdt.internal.core.index.EntryResult::isEmpty (18 bytes)
Event: 37.494 Thread 0x00000246627c6ac0 nmethod 9896 0x000002460b980490 code [0x000002460b980660, 0x000002460b980910]
Event: 37.494 Thread 0x00000246674e1310 9908       2       org.eclipse.jdt.internal.compiler.util.Sorting::concreteFirst (98 bytes)
Event: 37.494 Thread 0x000002466771a290 nmethod 9853 0x000002460b980b90 code [0x000002460b980d40, 0x000002460b980e90]
Event: 37.495 Thread 0x00000246627c6ac0 9877   !   2       org.eclipse.jdt.internal.compiler.ast.Expression::resolveTypeWithBindings (28 bytes)
Event: 37.495 Thread 0x000002466771a290 9735       2       lombok.eclipse.EclipseAST::isComplete (14 bytes)
Event: 37.495 Thread 0x000002466771a290 nmethod 9735 0x000002460b980f10 code [0x000002460b9810c0, 0x000002460b9811e8]
Event: 37.495 Thread 0x00000246627c6ac0 nmethod 9877 0x000002460b981290 code [0x000002460b981460, 0x000002460b981678]
Event: 37.495 Thread 0x00000246674e1310 nmethod 9908 0x000002460b981810 code [0x000002460b9819e0, 0x000002460b981f10]

GC Heap History (20 events):
Event: 35.224 GC heap before
{Heap before GC invocations=41 (full 3):
 PSYoungGen      total 18432K, used 512K [0x00000000d5580000, 0x00000000d6a00000, 0x0000000100000000)
  eden space 17920K, 0% used [0x00000000d5580000,0x00000000d5580000,0x00000000d6700000)
  from space 512K, 100% used [0x00000000d6980000,0x00000000d6a00000,0x00000000d6a00000)
  to   space 1536K, 0% used [0x00000000d6700000,0x00000000d6700000,0x00000000d6880000)
 ParOldGen       total 68608K, used 47705K [0x0000000080000000, 0x0000000084300000, 0x00000000d5580000)
  object space 68608K, 69% used [0x0000000080000000,0x0000000082e96750,0x0000000084300000)
 Metaspace       used 58594K, committed 59776K, reserved 1114112K
  class space    used 6466K, committed 7040K, reserved 1048576K
}
Event: 35.267 GC heap after
{Heap after GC invocations=41 (full 3):
 PSYoungGen      total 18432K, used 0K [0x00000000d5580000, 0x00000000d6a00000, 0x0000000100000000)
  eden space 17920K, 0% used [0x00000000d5580000,0x00000000d5580000,0x00000000d6700000)
  from space 512K, 0% used [0x00000000d6980000,0x00000000d6980000,0x00000000d6a00000)
  to   space 1536K, 0% used [0x00000000d6700000,0x00000000d6700000,0x00000000d6880000)
 ParOldGen       total 68608K, used 39255K [0x0000000080000000, 0x0000000084300000, 0x00000000d5580000)
  object space 68608K, 57% used [0x0000000080000000,0x0000000082655e68,0x0000000084300000)
 Metaspace       used 58594K, committed 59776K, reserved 1114112K
  class space    used 6466K, committed 7040K, reserved 1048576K
}
Event: 36.296 GC heap before
{Heap before GC invocations=42 (full 3):
 PSYoungGen      total 18432K, used 17920K [0x00000000d5580000, 0x00000000d6a00000, 0x0000000100000000)
  eden space 17920K, 100% used [0x00000000d5580000,0x00000000d6700000,0x00000000d6700000)
  from space 512K, 0% used [0x00000000d6980000,0x00000000d6980000,0x00000000d6a00000)
  to   space 1536K, 0% used [0x00000000d6700000,0x00000000d6700000,0x00000000d6880000)
 ParOldGen       total 68608K, used 39255K [0x0000000080000000, 0x0000000084300000, 0x00000000d5580000)
  object space 68608K, 57% used [0x0000000080000000,0x0000000082655e68,0x0000000084300000)
 Metaspace       used 60130K, committed 61376K, reserved 1114112K
  class space    used 6608K, committed 7168K, reserved 1048576K
}
Event: 36.298 GC heap after
{Heap after GC invocations=42 (full 3):
 PSYoungGen      total 19456K, used 1532K [0x00000000d5580000, 0x00000000d6d00000, 0x0000000100000000)
  eden space 17920K, 0% used [0x00000000d5580000,0x00000000d5580000,0x00000000d6700000)
  from space 1536K, 99% used [0x00000000d6700000,0x00000000d687f1e8,0x00000000d6880000)
  to   space 3072K, 0% used [0x00000000d6a00000,0x00000000d6a00000,0x00000000d6d00000)
 ParOldGen       total 68608K, used 40321K [0x0000000080000000, 0x0000000084300000, 0x00000000d5580000)
  object space 68608K, 58% used [0x0000000080000000,0x0000000082760748,0x0000000084300000)
 Metaspace       used 60130K, committed 61376K, reserved 1114112K
  class space    used 6608K, committed 7168K, reserved 1048576K
}
Event: 36.540 GC heap before
{Heap before GC invocations=43 (full 3):
 PSYoungGen      total 19456K, used 19452K [0x00000000d5580000, 0x00000000d6d00000, 0x0000000100000000)
  eden space 17920K, 100% used [0x00000000d5580000,0x00000000d6700000,0x00000000d6700000)
  from space 1536K, 99% used [0x00000000d6700000,0x00000000d687f1e8,0x00000000d6880000)
  to   space 3072K, 0% used [0x00000000d6a00000,0x00000000d6a00000,0x00000000d6d00000)
 ParOldGen       total 68608K, used 40321K [0x0000000080000000, 0x0000000084300000, 0x00000000d5580000)
  object space 68608K, 58% used [0x0000000080000000,0x0000000082760748,0x0000000084300000)
 Metaspace       used 60786K, committed 62080K, reserved 1114112K
  class space    used 6654K, committed 7232K, reserved 1048576K
}
Event: 36.545 GC heap after
{Heap after GC invocations=43 (full 3):
 PSYoungGen      total 14336K, used 3049K [0x00000000d5580000, 0x00000000d7a00000, 0x0000000100000000)
  eden space 11264K, 0% used [0x00000000d5580000,0x00000000d5580000,0x00000000d6080000)
  from space 3072K, 99% used [0x00000000d6a00000,0x00000000d6cfa4d8,0x00000000d6d00000)
  to   space 9728K, 0% used [0x00000000d6080000,0x00000000d6080000,0x00000000d6a00000)
 ParOldGen       total 68608K, used 45784K [0x0000000080000000, 0x0000000084300000, 0x00000000d5580000)
  object space 68608K, 66% used [0x0000000080000000,0x0000000082cb6210,0x0000000084300000)
 Metaspace       used 60786K, committed 62080K, reserved 1114112K
  class space    used 6654K, committed 7232K, reserved 1048576K
}
Event: 36.711 GC heap before
{Heap before GC invocations=44 (full 3):
 PSYoungGen      total 14336K, used 14313K [0x00000000d5580000, 0x00000000d7a00000, 0x0000000100000000)
  eden space 11264K, 99% used [0x00000000d5580000,0x00000000d607ffb0,0x00000000d6080000)
  from space 3072K, 99% used [0x00000000d6a00000,0x00000000d6cfa4d8,0x00000000d6d00000)
  to   space 9728K, 0% used [0x00000000d6080000,0x00000000d6080000,0x00000000d6a00000)
 ParOldGen       total 68608K, used 45784K [0x0000000080000000, 0x0000000084300000, 0x00000000d5580000)
  object space 68608K, 66% used [0x0000000080000000,0x0000000082cb6210,0x0000000084300000)
 Metaspace       used 61486K, committed 62784K, reserved 1114112K
  class space    used 6718K, committed 7296K, reserved 1048576K
}
Event: 36.715 GC heap after
{Heap after GC invocations=44 (full 3):
 PSYoungGen      total 14336K, used 2724K [0x00000000d5580000, 0x00000000d6a80000, 0x0000000100000000)
  eden space 11264K, 0% used [0x00000000d5580000,0x00000000d5580000,0x00000000d6080000)
  from space 3072K, 88% used [0x00000000d6080000,0x00000000d6329340,0x00000000d6380000)
  to   space 5120K, 0% used [0x00000000d6580000,0x00000000d6580000,0x00000000d6a80000)
 ParOldGen       total 68608K, used 48842K [0x0000000080000000, 0x0000000084300000, 0x00000000d5580000)
  object space 68608K, 71% used [0x0000000080000000,0x0000000082fb29a0,0x0000000084300000)
 Metaspace       used 61486K, committed 62784K, reserved 1114112K
  class space    used 6718K, committed 7296K, reserved 1048576K
}
Event: 36.835 GC heap before
{Heap before GC invocations=45 (full 3):
 PSYoungGen      total 14336K, used 13947K [0x00000000d5580000, 0x00000000d6a80000, 0x0000000100000000)
  eden space 11264K, 99% used [0x00000000d5580000,0x00000000d6075ba8,0x00000000d6080000)
  from space 3072K, 88% used [0x00000000d6080000,0x00000000d6329340,0x00000000d6380000)
  to   space 5120K, 0% used [0x00000000d6580000,0x00000000d6580000,0x00000000d6a80000)
 ParOldGen       total 68608K, used 48842K [0x0000000080000000, 0x0000000084300000, 0x00000000d5580000)
  object space 68608K, 71% used [0x0000000080000000,0x0000000082fb29a0,0x0000000084300000)
 Metaspace       used 61801K, committed 63104K, reserved 1114112K
  class space    used 6753K, committed 7360K, reserved 1048576K
}
Event: 36.838 GC heap after
{Heap after GC invocations=45 (full 3):
 PSYoungGen      total 13824K, used 2451K [0x00000000d5580000, 0x00000000d6800000, 0x0000000100000000)
  eden space 11264K, 0% used [0x00000000d5580000,0x00000000d5580000,0x00000000d6080000)
  from space 2560K, 95% used [0x00000000d6580000,0x00000000d67e4dd8,0x00000000d6800000)
  to   space 3072K, 0% used [0x00000000d6200000,0x00000000d6200000,0x00000000d6500000)
 ParOldGen       total 68608K, used 51355K [0x0000000080000000, 0x0000000084300000, 0x00000000d5580000)
  object space 68608K, 74% used [0x0000000080000000,0x0000000083226fb0,0x0000000084300000)
 Metaspace       used 61801K, committed 63104K, reserved 1114112K
  class space    used 6753K, committed 7360K, reserved 1048576K
}
Event: 36.956 GC heap before
{Heap before GC invocations=46 (full 3):
 PSYoungGen      total 13824K, used 13715K [0x00000000d5580000, 0x00000000d6800000, 0x0000000100000000)
  eden space 11264K, 100% used [0x00000000d5580000,0x00000000d6080000,0x00000000d6080000)
  from space 2560K, 95% used [0x00000000d6580000,0x00000000d67e4dd8,0x00000000d6800000)
  to   space 3072K, 0% used [0x00000000d6200000,0x00000000d6200000,0x00000000d6500000)
 ParOldGen       total 68608K, used 51355K [0x0000000080000000, 0x0000000084300000, 0x00000000d5580000)
  object space 68608K, 74% used [0x0000000080000000,0x0000000083226fb0,0x0000000084300000)
 Metaspace       used 62115K, committed 63360K, reserved 1114112K
  class space    used 6758K, committed 7360K, reserved 1048576K
}
Event: 36.958 GC heap after
{Heap after GC invocations=46 (full 3):
 PSYoungGen      total 14336K, used 2711K [0x00000000d5580000, 0x00000000d6680000, 0x0000000100000000)
  eden space 11264K, 0% used [0x00000000d5580000,0x00000000d5580000,0x00000000d6080000)
  from space 3072K, 88% used [0x00000000d6200000,0x00000000d64a5fb0,0x00000000d6500000)
  to   space 1536K, 0% used [0x00000000d6500000,0x00000000d6500000,0x00000000d6680000)
 ParOldGen       total 68608K, used 53388K [0x0000000080000000, 0x0000000084300000, 0x00000000d5580000)
  object space 68608K, 77% used [0x0000000080000000,0x0000000083423290,0x0000000084300000)
 Metaspace       used 62115K, committed 63360K, reserved 1114112K
  class space    used 6758K, committed 7360K, reserved 1048576K
}
Event: 37.052 GC heap before
{Heap before GC invocations=47 (full 3):
 PSYoungGen      total 14336K, used 13975K [0x00000000d5580000, 0x00000000d6680000, 0x0000000100000000)
  eden space 11264K, 100% used [0x00000000d5580000,0x00000000d6080000,0x00000000d6080000)
  from space 3072K, 88% used [0x00000000d6200000,0x00000000d64a5fb0,0x00000000d6500000)
  to   space 1536K, 0% used [0x00000000d6500000,0x00000000d6500000,0x00000000d6680000)
 ParOldGen       total 68608K, used 53388K [0x0000000080000000, 0x0000000084300000, 0x00000000d5580000)
  object space 68608K, 77% used [0x0000000080000000,0x0000000083423290,0x0000000084300000)
 Metaspace       used 62267K, committed 63552K, reserved 1114112K
  class space    used 6762K, committed 7360K, reserved 1048576K
}
Event: 37.054 GC heap after
{Heap after GC invocations=47 (full 3):
 PSYoungGen      total 12800K, used 1532K [0x00000000d5580000, 0x00000000d6780000, 0x0000000100000000)
  eden space 11264K, 0% used [0x00000000d5580000,0x00000000d5580000,0x00000000d6080000)
  from space 1536K, 99% used [0x00000000d6500000,0x00000000d667f3e8,0x00000000d6680000)
  to   space 3584K, 0% used [0x00000000d6080000,0x00000000d6080000,0x00000000d6400000)
 ParOldGen       total 68608K, used 55087K [0x0000000080000000, 0x0000000084300000, 0x00000000d5580000)
  object space 68608K, 80% used [0x0000000080000000,0x00000000835cbca0,0x0000000084300000)
 Metaspace       used 62267K, committed 63552K, reserved 1114112K
  class space    used 6762K, committed 7360K, reserved 1048576K
}
Event: 37.120 GC heap before
{Heap before GC invocations=48 (full 3):
 PSYoungGen      total 12800K, used 12796K [0x00000000d5580000, 0x00000000d6780000, 0x0000000100000000)
  eden space 11264K, 100% used [0x00000000d5580000,0x00000000d6080000,0x00000000d6080000)
  from space 1536K, 99% used [0x00000000d6500000,0x00000000d667f3e8,0x00000000d6680000)
  to   space 3584K, 0% used [0x00000000d6080000,0x00000000d6080000,0x00000000d6400000)
 ParOldGen       total 68608K, used 55087K [0x0000000080000000, 0x0000000084300000, 0x00000000d5580000)
  object space 68608K, 80% used [0x0000000080000000,0x00000000835cbca0,0x0000000084300000)
 Metaspace       used 62355K, committed 63616K, reserved 1114112K
  class space    used 6763K, committed 7360K, reserved 1048576K
}
Event: 37.122 GC heap after
{Heap after GC invocations=48 (full 3):
 PSYoungGen      total 14848K, used 3456K [0x00000000d5580000, 0x00000000d6780000, 0x0000000100000000)
  eden space 11264K, 0% used [0x00000000d5580000,0x00000000d5580000,0x00000000d6080000)
  from space 3584K, 96% used [0x00000000d6080000,0x00000000d63e0130,0x00000000d6400000)
  to   space 3584K, 0% used [0x00000000d6400000,0x00000000d6400000,0x00000000d6780000)
 ParOldGen       total 68608K, used 56388K [0x0000000080000000, 0x0000000084300000, 0x00000000d5580000)
  object space 68608K, 82% used [0x0000000080000000,0x00000000837110c8,0x0000000084300000)
 Metaspace       used 62355K, committed 63616K, reserved 1114112K
  class space    used 6763K, committed 7360K, reserved 1048576K
}
Event: 37.271 GC heap before
{Heap before GC invocations=49 (full 3):
 PSYoungGen      total 14848K, used 14720K [0x00000000d5580000, 0x00000000d6780000, 0x0000000100000000)
  eden space 11264K, 100% used [0x00000000d5580000,0x00000000d6080000,0x00000000d6080000)
  from space 3584K, 96% used [0x00000000d6080000,0x00000000d63e0130,0x00000000d6400000)
  to   space 3584K, 0% used [0x00000000d6400000,0x00000000d6400000,0x00000000d6780000)
 ParOldGen       total 68608K, used 56388K [0x0000000080000000, 0x0000000084300000, 0x00000000d5580000)
  object space 68608K, 82% used [0x0000000080000000,0x00000000837110c8,0x0000000084300000)
 Metaspace       used 62514K, committed 63744K, reserved 1114112K
  class space    used 6766K, committed 7360K, reserved 1048576K
}
Event: 37.274 GC heap after
{Heap after GC invocations=49 (full 3):
 PSYoungGen      total 14336K, used 2807K [0x00000000d5580000, 0x00000000d6700000, 0x0000000100000000)
  eden space 11264K, 0% used [0x00000000d5580000,0x00000000d5580000,0x00000000d6080000)
  from space 3072K, 91% used [0x00000000d6400000,0x00000000d66bdec8,0x00000000d6700000)
  to   space 3072K, 0% used [0x00000000d6100000,0x00000000d6100000,0x00000000d6400000)
 ParOldGen       total 68608K, used 59535K [0x0000000080000000, 0x0000000084300000, 0x00000000d5580000)
  object space 68608K, 86% used [0x0000000080000000,0x0000000083a23f68,0x0000000084300000)
 Metaspace       used 62514K, committed 63744K, reserved 1114112K
  class space    used 6766K, committed 7360K, reserved 1048576K
}
Event: 37.394 GC heap before
{Heap before GC invocations=50 (full 3):
 PSYoungGen      total 14336K, used 14071K [0x00000000d5580000, 0x00000000d6700000, 0x0000000100000000)
  eden space 11264K, 100% used [0x00000000d5580000,0x00000000d6080000,0x00000000d6080000)
  from space 3072K, 91% used [0x00000000d6400000,0x00000000d66bdec8,0x00000000d6700000)
  to   space 3072K, 0% used [0x00000000d6100000,0x00000000d6100000,0x00000000d6400000)
 ParOldGen       total 68608K, used 59535K [0x0000000080000000, 0x0000000084300000, 0x00000000d5580000)
  object space 68608K, 86% used [0x0000000080000000,0x0000000083a23f68,0x0000000084300000)
 Metaspace       used 62741K, committed 64064K, reserved 1114112K
  class space    used 6772K, committed 7360K, reserved 1048576K
}
Event: 37.397 GC heap after
{Heap after GC invocations=50 (full 3):
 PSYoungGen      total 13824K, used 2294K [0x00000000d5580000, 0x00000000d6580000, 0x0000000100000000)
  eden space 11264K, 0% used [0x00000000d5580000,0x00000000d5580000,0x00000000d6080000)
  from space 2560K, 89% used [0x00000000d6100000,0x00000000d633db68,0x00000000d6380000)
  to   space 2048K, 0% used [0x00000000d6380000,0x00000000d6380000,0x00000000d6580000)
 ParOldGen       total 68608K, used 62005K [0x0000000080000000, 0x0000000084300000, 0x00000000d5580000)
  object space 68608K, 90% used [0x0000000080000000,0x0000000083c8d570,0x0000000084300000)
 Metaspace       used 62741K, committed 64064K, reserved 1114112K
  class space    used 6772K, committed 7360K, reserved 1048576K
}

Dll operation events (12 events):
Event: 0.246 Loaded shared library c:\Users\Sam\.vscode\extensions\redhat.java-1.46.0-win32-x64\jre\21.0.8-win32-x86_64\bin\java.dll
Event: 0.333 Loaded shared library c:\Users\Sam\.vscode\extensions\redhat.java-1.46.0-win32-x64\jre\21.0.8-win32-x86_64\bin\zip.dll
Event: 0.358 Loaded shared library C:\Users\Sam\.vscode\extensions\redhat.java-1.46.0-win32-x64\jre\21.0.8-win32-x86_64\bin\instrument.dll
Event: 0.364 Loaded shared library C:\Users\Sam\.vscode\extensions\redhat.java-1.46.0-win32-x64\jre\21.0.8-win32-x86_64\bin\net.dll
Event: 0.367 Loaded shared library C:\Users\Sam\.vscode\extensions\redhat.java-1.46.0-win32-x64\jre\21.0.8-win32-x86_64\bin\nio.dll
Event: 0.371 Loaded shared library C:\Users\Sam\.vscode\extensions\redhat.java-1.46.0-win32-x64\jre\21.0.8-win32-x86_64\bin\zip.dll
Event: 0.395 Loaded shared library C:\Users\Sam\.vscode\extensions\redhat.java-1.46.0-win32-x64\jre\21.0.8-win32-x86_64\bin\jimage.dll
Event: 0.496 Loaded shared library c:\Users\Sam\.vscode\extensions\redhat.java-1.46.0-win32-x64\jre\21.0.8-win32-x86_64\bin\verify.dll
Event: 12.218 Loaded shared library C:\Users\Sam\AppData\Roaming\Code\User\globalStorage\redhat.java\1.46.0\config_win\org.eclipse.equinox.launcher\org.eclipse.equinox.launcher.win32.win32.x86_64_1.2.1400.v20250801-0854\eclipse_11916.dll
Event: 29.723 Loaded shared library C:\Users\Sam\AppData\Local\Temp\jna-82879\jna1959435795133790325.dll
Event: 32.016 Loaded shared library C:\Users\Sam\.vscode\extensions\redhat.java-1.46.0-win32-x64\jre\21.0.8-win32-x86_64\bin\sunmscapi.dll
Event: 32.183 Loaded shared library C:\Users\Sam\.vscode\extensions\redhat.java-1.46.0-win32-x64\jre\21.0.8-win32-x86_64\bin\extnet.dll

Deoptimization events (20 events):
Event: 37.348 Thread 0x000002466a6bb1e0 DEOPT PACKING pc=0x00000246125a4f4c sp=0x000000708dafe760
Event: 37.348 Thread 0x000002466a6bb1e0 DEOPT UNPACKING pc=0x0000024611a13aa2 sp=0x000000708dafe708 mode 2
Event: 37.354 Thread 0x0000024667dcaeb0 DEOPT PACKING pc=0x000002460b5a536b sp=0x0000007088bfeb70
Event: 37.354 Thread 0x0000024667dcaeb0 DEOPT UNPACKING pc=0x0000024611a14242 sp=0x0000007088bfdf18 mode 0
Event: 37.363 Thread 0x0000024667dcaeb0 DEOPT PACKING pc=0x000002460b5209c9 sp=0x0000007088bff000
Event: 37.363 Thread 0x0000024667dcaeb0 DEOPT UNPACKING pc=0x0000024611a14242 sp=0x0000007088bfe560 mode 0
Event: 37.382 Thread 0x000002466a6bb1e0 DEOPT PACKING pc=0x000002460b73dc94 sp=0x000000708dafe800
Event: 37.382 Thread 0x000002466a6bb1e0 DEOPT UNPACKING pc=0x0000024611a14242 sp=0x000000708dafdc50 mode 0
Event: 37.383 Thread 0x0000024667dcaeb0 Uncommon trap: trap_request=0xffffffad fr.pc=0x00000246125d009c relative=0x000000000000197c
Event: 37.383 Thread 0x0000024667dcaeb0 Uncommon trap: reason=uninitialized action=reinterpret pc=0x00000246125d009c method=org.eclipse.jdt.internal.compiler.parser.Parser.consumeToken(Lorg/eclipse/jdt/internal/compiler/parser/TerminalToken;)V @ 1442 c2
Event: 37.383 Thread 0x0000024667dcaeb0 DEOPT PACKING pc=0x00000246125d009c sp=0x0000007088bfee70
Event: 37.383 Thread 0x0000024667dcaeb0 DEOPT UNPACKING pc=0x0000024611a13aa2 sp=0x0000007088bfee08 mode 2
Event: 37.392 Thread 0x0000024667dcaeb0 DEOPT PACKING pc=0x000002460b5209c9 sp=0x0000007088bff000
Event: 37.392 Thread 0x0000024667dcaeb0 DEOPT UNPACKING pc=0x0000024611a14242 sp=0x0000007088bfe560 mode 0
Event: 37.408 Thread 0x000002466a6bb1e0 DEOPT PACKING pc=0x000002460b5209c9 sp=0x000000708dafeda0
Event: 37.408 Thread 0x000002466a6bb1e0 DEOPT UNPACKING pc=0x0000024611a14242 sp=0x000000708dafe2f8 mode 0
Event: 37.417 Thread 0x000002466a6bb1e0 DEOPT PACKING pc=0x000002460b576207 sp=0x000000708dafebf0
Event: 37.417 Thread 0x000002466a6bb1e0 DEOPT UNPACKING pc=0x0000024611a14242 sp=0x000000708dafe028 mode 0
Event: 37.448 Thread 0x0000024667dc9b00 DEOPT PACKING pc=0x000002460b761af9 sp=0x00000070887fe300
Event: 37.448 Thread 0x0000024667dc9b00 DEOPT UNPACKING pc=0x0000024611a14242 sp=0x00000070887fd7b8 mode 0

Classes loaded (20 events):
Event: 33.979 Loading class sun/reflect/generics/scope/ConstructorScope
Event: 33.979 Loading class sun/reflect/generics/scope/ConstructorScope done
Event: 33.980 Loading class sun/reflect/generics/tree/VoidDescriptor
Event: 33.980 Loading class sun/reflect/generics/tree/VoidDescriptor done
Event: 34.416 Loading class java/util/concurrent/CompletionService
Event: 34.417 Loading class java/util/concurrent/CompletionService done
Event: 34.705 Loading class java/nio/channels/ServerSocketChannel
Event: 34.706 Loading class java/nio/channels/ServerSocketChannel done
Event: 34.841 Loading class jdk/internal/org/objectweb/asm/ClassReader
Event: 34.842 Loading class jdk/internal/org/objectweb/asm/ClassReader done
Event: 35.185 Loading class java/lang/ProcessEnvironment$CheckedKeySet
Event: 35.186 Loading class java/lang/ProcessEnvironment$CheckedKeySet done
Event: 35.403 Loading class java/util/regex/Pattern$Pos
Event: 35.403 Loading class java/util/regex/Pattern$Pos done
Event: 36.708 Loading class java/util/Hashtable$ValueCollection
Event: 36.708 Loading class java/util/Hashtable$ValueCollection done
Event: 36.736 Loading class java/util/concurrent/ConcurrentHashMap$KeySpliterator
Event: 36.737 Loading class java/util/concurrent/ConcurrentHashMap$KeySpliterator done
Event: 36.754 Loading class sun/nio/ch/ChannelOutputStream
Event: 36.754 Loading class sun/nio/ch/ChannelOutputStream done

Classes unloaded (13 events):
Event: 30.373 Thread 0x0000024607313fb0 Unloading class 0x000002461f1a4800 'java/lang/invoke/LambdaForm$MH+0x000002461f1a4800'
Event: 30.373 Thread 0x0000024607313fb0 Unloading class 0x000002461f1a4400 'java/lang/invoke/LambdaForm$MH+0x000002461f1a4400'
Event: 30.373 Thread 0x0000024607313fb0 Unloading class 0x000002461f1a4000 'java/lang/invoke/LambdaForm$MH+0x000002461f1a4000'
Event: 30.373 Thread 0x0000024607313fb0 Unloading class 0x000002461f1a3c00 'java/lang/invoke/LambdaForm$MH+0x000002461f1a3c00'
Event: 30.373 Thread 0x0000024607313fb0 Unloading class 0x000002461f1a3800 'java/lang/invoke/LambdaForm$BMH+0x000002461f1a3800'
Event: 30.373 Thread 0x0000024607313fb0 Unloading class 0x000002461f1a3400 'java/lang/invoke/LambdaForm$DMH+0x000002461f1a3400'
Event: 30.373 Thread 0x0000024607313fb0 Unloading class 0x000002461f1a2000 'java/lang/invoke/LambdaForm$DMH+0x000002461f1a2000'
Event: 31.695 Thread 0x0000024607313fb0 Unloading class 0x000002461f390800 'java/lang/invoke/LambdaForm$MH+0x000002461f390800'
Event: 31.695 Thread 0x0000024607313fb0 Unloading class 0x000002461f38bc00 'java/lang/invoke/LambdaForm$MH+0x000002461f38bc00'
Event: 31.695 Thread 0x0000024607313fb0 Unloading class 0x000002461f38b400 'java/lang/invoke/LambdaForm$MH+0x000002461f38b400'
Event: 31.695 Thread 0x0000024607313fb0 Unloading class 0x000002461f38ac00 'java/lang/invoke/LambdaForm$MH+0x000002461f38ac00'
Event: 31.695 Thread 0x0000024607313fb0 Unloading class 0x000002461f38a800 'java/lang/invoke/LambdaForm$DMH+0x000002461f38a800'
Event: 31.695 Thread 0x0000024607313fb0 Unloading class 0x000002461f389400 'java/lang/invoke/LambdaForm$MH+0x000002461f389400'

Classes redefined (0 events):
No events

Internal exceptions (20 events):
Event: 32.877 Thread 0x000002466b9788b0 Implicit null exception at 0x00000246121e5e9b to 0x00000246121e60e8
Event: 33.689 Thread 0x0000024667dc9470 Exception <a 'java/lang/NoSuchMethodError'{0x00000000d62e2e18}: 'void java.lang.invoke.DirectMethodHandle$Holder.invokeStaticInit(java.lang.Object, java.lang.Object, java.lang.Object, java.lang.Object)'> (0x00000000d62e2e18) 
thrown [s\src\hotspot\share\interpreter\linkResolver.cpp, line 773]
Event: 33.836 Thread 0x0000024667dc9470 Exception <a 'sun/nio/fs/WindowsException'{0x00000000d5b53d80}> (0x00000000d5b53d80) 
thrown [s\src\hotspot\share\prims\jni.cpp, line 520]
Event: 33.848 Thread 0x0000024667dc9470 Exception <a 'java/io/FileNotFoundException'{0x00000000d5c24980}> (0x00000000d5c24980) 
thrown [s\src\hotspot\share\prims\jni.cpp, line 520]
Event: 33.849 Thread 0x0000024667dc9470 Exception <a 'java/io/FileNotFoundException'{0x00000000d5c25978}> (0x00000000d5c25978) 
thrown [s\src\hotspot\share\prims\jni.cpp, line 520]
Event: 33.849 Thread 0x0000024667dc9470 Exception <a 'java/io/FileNotFoundException'{0x00000000d5c266c0}> (0x00000000d5c266c0) 
thrown [s\src\hotspot\share\prims\jni.cpp, line 520]
Event: 34.831 Thread 0x0000024667dca820 Exception <a 'java/lang/ExceptionInInitializerError'{0x00000000d581b800}> (0x00000000d581b800) 
thrown [s\src\hotspot\share\oops\instanceKlass.cpp, line 1220]
Event: 34.839 Thread 0x0000024667dca820 Implicit null exception at 0x0000024612399383 to 0x0000024612399604
Event: 34.839 Thread 0x0000024667dca820 Exception <a 'java/lang/NoSuchMethodError'{0x00000000d5897508}: 'long java.lang.invoke.DirectMethodHandle$Holder.invokeStatic(java.lang.Object, java.lang.Object, int)'> (0x00000000d5897508) 
thrown [s\src\hotspot\share\interpreter\linkResolver.cpp, line 773]
Event: 34.842 Thread 0x0000024667dca820 Implicit null exception at 0x0000024612252dfe to 0x0000024612253070
Event: 34.842 Thread 0x0000024667dca820 Implicit null exception at 0x00000246121c6c9c to 0x00000246121c7bb8
Event: 34.845 Thread 0x0000024667dca820 Exception <a 'java/lang/NoSuchMethodError'{0x00000000d58da0c0}: 'java.lang.Object java.lang.invoke.Invokers$Holder.invokeExact_MT(java.lang.Object, int, java.lang.Object)'> (0x00000000d58da0c0) 
thrown [s\src\hotspot\share\interpreter\linkResolver.cpp, line 773]
Event: 35.159 Thread 0x0000024667dca820 Exception <a 'java/lang/NoClassDefFoundError'{0x00000000d66e2cc0}: com/google/inject/servlet/ServletModuleTargetVisitor> (0x00000000d66e2cc0) 
thrown [s\src\hotspot\share\classfile\systemDictionary.cpp, line 301]
Event: 36.194 Thread 0x0000024667dcaeb0 Exception <a 'java/lang/NoSuchMethodError'{0x00000000d611fb48}: 'int java.lang.invoke.DirectMethodHandle$Holder.invokeSpecialIFC(java.lang.Object, java.lang.Object, java.lang.Object)'> (0x00000000d611fb48) 
thrown [s\src\hotspot\share\interpreter\linkResolver.cpp, line 773]
Event: 36.217 Thread 0x0000024667dcaeb0 Implicit null exception at 0x0000024612482557 to 0x0000024612482592
Event: 36.678 Thread 0x0000024667dcaeb0 Exception <a 'java/lang/NoSuchMethodError'{0x00000000d5f2c130}: 'void java.lang.invoke.DirectMethodHandle$Holder.invokeVirtual(java.lang.Object, java.lang.Object, java.lang.Object, java.lang.Object, java.lang.Object)'> (0x00000000d5f2c130) 
thrown [s\src\hotspot\share\interpreter\linkResolver.cpp, line 773]
Event: 36.716 Thread 0x0000024667dcaeb0 Exception <a 'java/lang/NoSuchMethodError'{0x00000000d55818b0}: 'java.lang.Object java.lang.invoke.DirectMethodHandle$Holder.invokeStatic(java.lang.Object, java.lang.Object, int, java.lang.Object, java.lang.Object)'> (0x00000000d55818b0) 
thrown [s\src\hotspot\share\interpreter\linkResolver.cpp, line 773]
Event: 36.737 Thread 0x000002466a6bb1e0 Exception <a 'java/lang/NoSuchMethodError'{0x00000000d5695a90}: 'java.lang.Object java.lang.invoke.DirectMethodHandle$Holder.invokeStatic(java.lang.Object, java.lang.Object, int, java.lang.Object)'> (0x00000000d5695a90) 
thrown [s\src\hotspot\share\interpreter\linkResolver.cpp, line 773]
Event: 36.739 Thread 0x000002466a6bb1e0 Exception <a 'java/lang/NoSuchMethodError'{0x00000000d56aa348}: 'java.lang.Object java.lang.invoke.DirectMethodHandle$Holder.newInvokeSpecial(java.lang.Object, java.lang.Object, int)'> (0x00000000d56aa348) 
thrown [s\src\hotspot\share\interpreter\linkResolver.cpp, line 773]
Event: 36.745 Thread 0x0000024667dc9b00 Exception <a 'java/lang/NoSuchMethodError'{0x00000000d56daf40}: 'java.lang.Object java.lang.invoke.DirectMethodHandle$Holder.newInvokeSpecial(java.lang.Object, java.lang.Object, int, int, java.lang.Object)'> (0x00000000d56daf40) 
thrown [s\src\hotspot\share\interpreter\linkResolver.cpp, line 773]

ZGC Phase Switch (0 events):
No events

VM Operations (20 events):
Event: 36.640 Executing VM operation: HandshakeAllThreads (Deoptimize)
Event: 36.640 Executing VM operation: HandshakeAllThreads (Deoptimize) done
Event: 36.691 Executing VM operation: ICBufferFull
Event: 36.691 Executing VM operation: ICBufferFull done
Event: 36.710 Executing VM operation: ParallelGCFailedAllocation (Allocation Failure)
Event: 36.715 Executing VM operation: ParallelGCFailedAllocation (Allocation Failure) done
Event: 36.835 Executing VM operation: ParallelGCFailedAllocation (Allocation Failure)
Event: 36.838 Executing VM operation: ParallelGCFailedAllocation (Allocation Failure) done
Event: 36.956 Executing VM operation: ParallelGCFailedAllocation (Allocation Failure)
Event: 36.958 Executing VM operation: ParallelGCFailedAllocation (Allocation Failure) done
Event: 37.052 Executing VM operation: ParallelGCFailedAllocation (Allocation Failure)
Event: 37.054 Executing VM operation: ParallelGCFailedAllocation (Allocation Failure) done
Event: 37.120 Executing VM operation: ParallelGCFailedAllocation (Allocation Failure)
Event: 37.122 Executing VM operation: ParallelGCFailedAllocation (Allocation Failure) done
Event: 37.271 Executing VM operation: ParallelGCFailedAllocation (Allocation Failure)
Event: 37.274 Executing VM operation: ParallelGCFailedAllocation (Allocation Failure) done
Event: 37.369 Executing VM operation: ICBufferFull
Event: 37.370 Executing VM operation: ICBufferFull done
Event: 37.394 Executing VM operation: ParallelGCFailedAllocation (Allocation Failure)
Event: 37.397 Executing VM operation: ParallelGCFailedAllocation (Allocation Failure) done

Memory protections (0 events):
No events

Nmethod flushes (20 events):
Event: 35.241 Thread 0x0000024607313fb0 flushing  nmethod 0x000002460ae9fd90
Event: 35.241 Thread 0x0000024607313fb0 flushing  nmethod 0x000002460aea7a10
Event: 35.241 Thread 0x0000024607313fb0 flushing  nmethod 0x000002460aeb2410
Event: 35.241 Thread 0x0000024607313fb0 flushing  nmethod 0x000002460aebe590
Event: 35.241 Thread 0x0000024607313fb0 flushing  nmethod 0x000002460aed2010
Event: 35.241 Thread 0x0000024607313fb0 flushing osr nmethod 0x000002460aed9a90
Event: 35.241 Thread 0x0000024607313fb0 flushing osr nmethod 0x000002460aedbf90
Event: 35.241 Thread 0x0000024607313fb0 flushing osr nmethod 0x000002460af0b790
Event: 35.241 Thread 0x0000024607313fb0 flushing  nmethod 0x000002460af2df90
Event: 35.241 Thread 0x0000024607313fb0 flushing  nmethod 0x000002460af2f410
Event: 35.241 Thread 0x0000024607313fb0 flushing  nmethod 0x000002460af3ea10
Event: 35.241 Thread 0x0000024607313fb0 flushing  nmethod 0x000002460af45e10
Event: 35.241 Thread 0x0000024607313fb0 flushing  nmethod 0x000002460af4cc90
Event: 35.241 Thread 0x0000024607313fb0 flushing  nmethod 0x000002460af65810
Event: 35.241 Thread 0x0000024607313fb0 flushing  nmethod 0x000002460af65e10
Event: 35.241 Thread 0x0000024607313fb0 flushing  nmethod 0x000002460af66d10
Event: 35.241 Thread 0x0000024607313fb0 flushing  nmethod 0x000002460af67090
Event: 35.241 Thread 0x0000024607313fb0 flushing  nmethod 0x000002460af67690
Event: 35.241 Thread 0x0000024607313fb0 flushing  nmethod 0x000002460af69510
Event: 35.241 Thread 0x0000024607313fb0 flushing  nmethod 0x000002460aff5690

Events (20 events):
Event: 36.251 Thread 0x00000246074381d0 Thread added: 0x000002466bd6c020
Event: 36.581 Thread 0x0000024667dc9b00 Thread added: 0x000002466a6bb1e0
Event: 36.748 Thread 0x0000024667dc9b00 Thread added: 0x000002466a6b7d60
Event: 36.763 Thread 0x0000024667dc9b00 Thread added: 0x000002466a6b9110
Event: 36.772 Thread 0x0000024667dc9b00 Thread added: 0x000002466a6b83f0
Event: 36.887 Thread 0x0000024667dc9b00 Thread added: 0x000002466a6b9e30
Event: 36.887 Thread 0x0000024667dc9b00 Thread added: 0x000002466a6bbf00
Event: 36.888 Thread 0x0000024667dc9b00 Thread added: 0x000002466a6bc590
Event: 36.888 Thread 0x0000024667dc9b00 Thread added: 0x000002466a6bcc20
Event: 36.899 Thread 0x0000024667dc9b00 Thread added: 0x000002466a6b97a0
Event: 36.960 Thread 0x0000024667dc9b00 Thread added: 0x000002466a6be660
Event: 36.961 Thread 0x0000024667dc9b00 Thread added: 0x000002466a6bd2b0
Event: 36.961 Thread 0x0000024667dc9b00 Thread added: 0x000002466a6becf0
Event: 37.021 Thread 0x0000024667dc9b00 Thread added: 0x000002466a6bf380
Event: 37.030 Thread 0x0000024667dc9b00 Thread added: 0x000002466a6bd940
Event: 37.043 Thread 0x0000024667dc9b00 Thread added: 0x000002466a6bdfd0
Event: 37.043 Thread 0x0000024667dc9b00 Thread added: 0x000002466d2b7f40
Event: 37.087 Thread 0x0000024667dc9b00 Thread added: 0x000002466d2b85d0
Event: 37.087 Thread 0x0000024667dc9b00 Thread added: 0x000002466d2b8c60
Event: 37.088 Thread 0x0000024667dc9b00 Thread added: 0x000002466d2b92f0


Dynamic libraries:
0x00007ff72ee50000 - 0x00007ff72ee5e000 	c:\Users\Sam\.vscode\extensions\redhat.java-1.46.0-win32-x64\jre\21.0.8-win32-x86_64\bin\java.exe
0x00007ff9a85e0000 - 0x00007ff9a8848000 	C:\WINDOWS\SYSTEM32\ntdll.dll
0x00007ff9a6400000 - 0x00007ff9a64c9000 	C:\WINDOWS\System32\KERNEL32.DLL
0x00007ff9a5be0000 - 0x00007ff9a5fd2000 	C:\WINDOWS\System32\KERNELBASE.dll
0x00007ff9a5fe0000 - 0x00007ff9a612b000 	C:\WINDOWS\System32\ucrtbase.dll
0x00007ff96d9d0000 - 0x00007ff96d9ee000 	c:\Users\Sam\.vscode\extensions\redhat.java-1.46.0-win32-x64\jre\21.0.8-win32-x86_64\bin\VCRUNTIME140.dll
0x00007ff96b890000 - 0x00007ff96b8a8000 	c:\Users\Sam\.vscode\extensions\redhat.java-1.46.0-win32-x64\jre\21.0.8-win32-x86_64\bin\jli.dll
0x00007ff9a6e20000 - 0x00007ff9a6fe5000 	C:\WINDOWS\System32\USER32.dll
0x00007ff9a5b10000 - 0x00007ff9a5b37000 	C:\WINDOWS\System32\win32u.dll
0x00007ff9888c0000 - 0x00007ff988b53000 	C:\WINDOWS\WinSxS\amd64_microsoft.windows.common-controls_6595b64144ccf1df_6.0.26100.6899_none_3e0efeeae32e88c1\COMCTL32.dll
0x00007ff9a72d0000 - 0x00007ff9a72fb000 	C:\WINDOWS\System32\GDI32.dll
0x00007ff9a64d0000 - 0x00007ff9a6579000 	C:\WINDOWS\System32\msvcrt.dll
0x00007ff9a6280000 - 0x00007ff9a63ad000 	C:\WINDOWS\System32\gdi32full.dll
0x00007ff9a58f0000 - 0x00007ff9a5993000 	C:\WINDOWS\System32\msvcp_win.dll
0x00007ff9a7ac0000 - 0x00007ff9a7aef000 	C:\WINDOWS\System32\IMM32.DLL
0x00007ff98a390000 - 0x00007ff98a39c000 	c:\Users\Sam\.vscode\extensions\redhat.java-1.46.0-win32-x64\jre\21.0.8-win32-x86_64\bin\vcruntime140_1.dll
0x00007ff939920000 - 0x00007ff9399ad000 	c:\Users\Sam\.vscode\extensions\redhat.java-1.46.0-win32-x64\jre\21.0.8-win32-x86_64\bin\msvcp140.dll
0x00007ff8da890000 - 0x00007ff8db627000 	c:\Users\Sam\.vscode\extensions\redhat.java-1.46.0-win32-x64\jre\21.0.8-win32-x86_64\bin\server\jvm.dll
0x00007ff9a7720000 - 0x00007ff9a77d4000 	C:\WINDOWS\System32\ADVAPI32.dll
0x00007ff9a6d60000 - 0x00007ff9a6e06000 	C:\WINDOWS\System32\sechost.dll
0x00007ff9a74e0000 - 0x00007ff9a75f8000 	C:\WINDOWS\System32\RPCRT4.dll
0x00007ff9a7380000 - 0x00007ff9a73f4000 	C:\WINDOWS\System32\WS2_32.dll
0x00007ff9a55d0000 - 0x00007ff9a562e000 	C:\WINDOWS\SYSTEM32\POWRPROF.dll
0x00007ff99bc00000 - 0x00007ff99bc35000 	C:\WINDOWS\SYSTEM32\WINMM.dll
0x00007ff996510000 - 0x00007ff99651b000 	C:\WINDOWS\SYSTEM32\VERSION.dll
0x00007ff9a55b0000 - 0x00007ff9a55c4000 	C:\WINDOWS\SYSTEM32\UMPDC.dll
0x00007ff9a4540000 - 0x00007ff9a455b000 	C:\WINDOWS\SYSTEM32\kernel.appcore.dll
0x00007ff98a1c0000 - 0x00007ff98a1ca000 	c:\Users\Sam\.vscode\extensions\redhat.java-1.46.0-win32-x64\jre\21.0.8-win32-x86_64\bin\jimage.dll
0x00007ff98cb00000 - 0x00007ff98cd42000 	C:\WINDOWS\SYSTEM32\DBGHELP.DLL
0x00007ff9a7c60000 - 0x00007ff9a7fdb000 	C:\WINDOWS\System32\combase.dll
0x00007ff9a7400000 - 0x00007ff9a74d7000 	C:\WINDOWS\System32\OLEAUT32.dll
0x00007ff983b00000 - 0x00007ff983b3c000 	C:\WINDOWS\SYSTEM32\dbgcore.DLL
0x00007ff9a5b40000 - 0x00007ff9a5bd8000 	C:\WINDOWS\System32\bcryptPrimitives.dll
0x00007ff98aae0000 - 0x00007ff98aaef000 	c:\Users\Sam\.vscode\extensions\redhat.java-1.46.0-win32-x64\jre\21.0.8-win32-x86_64\bin\instrument.dll
0x00007ff96b7b0000 - 0x00007ff96b7cf000 	c:\Users\Sam\.vscode\extensions\redhat.java-1.46.0-win32-x64\jre\21.0.8-win32-x86_64\bin\java.dll
0x00007ff9a65f0000 - 0x00007ff9a6d3d000 	C:\WINDOWS\System32\SHELL32.dll
0x00007ff9a59a0000 - 0x00007ff9a5b0b000 	C:\WINDOWS\System32\wintypes.dll
0x00007ff9a33c0000 - 0x00007ff9a3c1d000 	C:\WINDOWS\SYSTEM32\windows.storage.dll
0x00007ff9a7030000 - 0x00007ff9a7122000 	C:\WINDOWS\System32\SHCORE.dll
0x00007ff9a6580000 - 0x00007ff9a65e2000 	C:\WINDOWS\System32\shlwapi.dll
0x00007ff9a5660000 - 0x00007ff9a5689000 	C:\WINDOWS\SYSTEM32\profapi.dll
0x00007ff96acf0000 - 0x00007ff96ad08000 	c:\Users\Sam\.vscode\extensions\redhat.java-1.46.0-win32-x64\jre\21.0.8-win32-x86_64\bin\zip.dll
0x00007ff989970000 - 0x00007ff989980000 	C:\Users\Sam\.vscode\extensions\redhat.java-1.46.0-win32-x64\jre\21.0.8-win32-x86_64\bin\net.dll
0x00007ff99dea0000 - 0x00007ff99dfbf000 	C:\WINDOWS\SYSTEM32\WINHTTP.dll
0x00007ff9a4ab0000 - 0x00007ff9a4b1b000 	C:\WINDOWS\system32\mswsock.dll
0x00007ff96a5e0000 - 0x00007ff96a5f6000 	C:\Users\Sam\.vscode\extensions\redhat.java-1.46.0-win32-x64\jre\21.0.8-win32-x86_64\bin\nio.dll
0x00007ff986600000 - 0x00007ff986610000 	c:\Users\Sam\.vscode\extensions\redhat.java-1.46.0-win32-x64\jre\21.0.8-win32-x86_64\bin\verify.dll
0x00007ff9398d0000 - 0x00007ff939914000 	C:\Users\Sam\AppData\Roaming\Code\User\globalStorage\redhat.java\1.46.0\config_win\org.eclipse.equinox.launcher\org.eclipse.equinox.launcher.win32.win32.x86_64_1.2.1400.v20250801-0854\eclipse_11916.dll
0x00007ff9a7130000 - 0x00007ff9a72c8000 	C:\WINDOWS\System32\ole32.dll
0x00007ff9a4d60000 - 0x00007ff9a4d7b000 	C:\WINDOWS\SYSTEM32\CRYPTSP.dll
0x00007ff9a44a0000 - 0x00007ff9a44db000 	C:\WINDOWS\system32\rsaenh.dll
0x00007ff9a4b50000 - 0x00007ff9a4b7b000 	C:\WINDOWS\SYSTEM32\USERENV.dll
0x00007ff9a5690000 - 0x00007ff9a56b6000 	C:\WINDOWS\SYSTEM32\bcrypt.dll
0x00007ff9a4d80000 - 0x00007ff9a4d8c000 	C:\WINDOWS\SYSTEM32\CRYPTBASE.dll
0x00007ff9a4090000 - 0x00007ff9a40c4000 	C:\WINDOWS\SYSTEM32\IPHLPAPI.DLL
0x00007ff9a6d40000 - 0x00007ff9a6d4a000 	C:\WINDOWS\System32\NSI.dll
0x00007ff939830000 - 0x00007ff939879000 	C:\Users\Sam\AppData\Local\Temp\jna-82879\jna1959435795133790325.dll
0x00007ff9a7020000 - 0x00007ff9a7028000 	C:\WINDOWS\System32\PSAPI.DLL
0x00007ff99e5b0000 - 0x00007ff99e5ce000 	C:\WINDOWS\SYSTEM32\dhcpcsvc6.DLL
0x00007ff99dda0000 - 0x00007ff99ddc3000 	C:\WINDOWS\SYSTEM32\dhcpcsvc.DLL
0x00007ff9755b0000 - 0x00007ff9755be000 	C:\Users\Sam\.vscode\extensions\redhat.java-1.46.0-win32-x64\jre\21.0.8-win32-x86_64\bin\sunmscapi.dll
0x00007ff9a5770000 - 0x00007ff9a58e7000 	C:\WINDOWS\System32\CRYPT32.dll
0x00007ff9a4f80000 - 0x00007ff9a4fb0000 	C:\WINDOWS\SYSTEM32\ncrypt.dll
0x00007ff9a4f30000 - 0x00007ff9a4f6f000 	C:\WINDOWS\SYSTEM32\NTASN1.dll
0x00007ff9a40d0000 - 0x00007ff9a41f6000 	C:\WINDOWS\SYSTEM32\DNSAPI.dll
0x00007ff9974d0000 - 0x00007ff9974db000 	C:\Windows\System32\rasadhlp.dll
0x00007ff99de10000 - 0x00007ff99de96000 	C:\WINDOWS\System32\fwpuclnt.dll
0x00007ff975540000 - 0x00007ff975549000 	C:\Users\Sam\.vscode\extensions\redhat.java-1.46.0-win32-x64\jre\21.0.8-win32-x86_64\bin\extnet.dll

JVMTI agents:
c:\Users\Sam\.vscode\extensions\redhat.java-1.46.0-win32-x64\lombok\lombok-1.18.39-4050.jar path:c:\Users\Sam\.vscode\extensions\redhat.java-1.46.0-win32-x64\jre\21.0.8-win32-x86_64\bin\instrument.dll, loaded, initialized, instrumentlib options:none

dbghelp: loaded successfully - version: 4.0.5 - missing functions: none
symbol engine: initialized successfully - sym options: 0x614 - pdb path: .;c:\Users\Sam\.vscode\extensions\redhat.java-1.46.0-win32-x64\jre\21.0.8-win32-x86_64\bin;C:\WINDOWS\SYSTEM32;C:\WINDOWS\WinSxS\amd64_microsoft.windows.common-controls_6595b64144ccf1df_6.0.26100.6899_none_3e0efeeae32e88c1;c:\Users\Sam\.vscode\extensions\redhat.java-1.46.0-win32-x64\jre\21.0.8-win32-x86_64\bin\server;C:\Users\Sam\AppData\Roaming\Code\User\globalStorage\redhat.java\1.46.0\config_win\org.eclipse.equinox.launcher\org.eclipse.equinox.launcher.win32.win32.x86_64_1.2.1400.v20250801-0854;C:\Users\Sam\AppData\Local\Temp\jna-82879

VM Arguments:
jvm_args: --add-modules=ALL-SYSTEM --add-opens=java.base/java.util=ALL-UNNAMED --add-opens=java.base/java.lang=ALL-UNNAMED --add-opens=java.base/sun.nio.fs=ALL-UNNAMED -Declipse.application=org.eclipse.jdt.ls.core.id1 -Dosgi.bundles.defaultStartLevel=4 -Declipse.product=org.eclipse.jdt.ls.core.product -Djava.import.generatesMetadataFilesAtProjectRoot=false -DDetectVMInstallationsJob.disabled=true -Dfile.encoding=utf8 -XX:+UseParallelGC -XX:GCTimeRatio=4 -XX:AdaptiveSizePolicyWeight=90 -Dsun.zip.disableMemoryMapping=true -Xmx2G -Xms100m -Xlog:disable -javaagent:c:\Users\Sam\.vscode\extensions\redhat.java-1.46.0-win32-x64\lombok\lombok-1.18.39-4050.jar -XX:+HeapDumpOnOutOfMemoryError -XX:HeapDumpPath=c:\Users\Sam\AppData\Roaming\Code\User\workspaceStorage\1ce35a80e58fa6f08ee6f6bee9c4b606\redhat.java -Daether.dependencyCollector.impl=bf 
java_command: c:\Users\Sam\.vscode\extensions\redhat.java-1.46.0-win32-x64\server\plugins\org.eclipse.equinox.launcher_1.7.0.v20250519-0528.jar -configuration c:\Users\Sam\AppData\Roaming\Code\User\globalStorage\redhat.java\1.46.0\config_win -data c:\Users\Sam\AppData\Roaming\Code\User\workspaceStorage\1ce35a80e58fa6f08ee6f6bee9c4b606\redhat.java\jdt_ws --pipe=\\.\pipe\lsp-da9e2b213b0943bf075e912deec9a81f-sock
java_class_path (initial): c:\Users\Sam\.vscode\extensions\redhat.java-1.46.0-win32-x64\server\plugins\org.eclipse.equinox.launcher_1.7.0.v20250519-0528.jar
Launcher Type: SUN_STANDARD

[Global flags]
    uintx AdaptiveSizePolicyWeight                 = 90                                        {product} {command line}
     intx CICompilerCount                          = 12                                        {product} {ergonomic}
    uintx GCTimeRatio                              = 4                                         {product} {command line}
     bool HeapDumpOnOutOfMemoryError               = true                                   {manageable} {command line}
    ccstr HeapDumpPath                             = c:\Users\Sam\AppData\Roaming\Code\User\workspaceStorage\1ce35a80e58fa6f08ee6f6bee9c4b606\redhat.java         {manageable} {command line}
   size_t InitialHeapSize                          = 104857600                                 {product} {command line}
   size_t MaxHeapSize                              = 2147483648                                {product} {command line}
   size_t MaxNewSize                               = 715653120                                 {product} {ergonomic}
   size_t MinHeapDeltaBytes                        = 524288                                    {product} {ergonomic}
   size_t MinHeapSize                              = 104857600                                 {product} {command line}
   size_t NewSize                                  = 34603008                                  {product} {ergonomic}
    uintx NonNMethodCodeHeapSize                   = 7602480                                {pd product} {ergonomic}
    uintx NonProfiledCodeHeapSize                  = 122027880                              {pd product} {ergonomic}
   size_t OldSize                                  = 70254592                                  {product} {ergonomic}
    uintx ProfiledCodeHeapSize                     = 122027880                              {pd product} {ergonomic}
    uintx ReservedCodeCacheSize                    = 251658240                              {pd product} {ergonomic}
     bool SegmentedCodeCache                       = true                                      {product} {ergonomic}
   size_t SoftMaxHeapSize                          = 2147483648                             {manageable} {ergonomic}
     bool UseCompressedOops                        = true                           {product lp64_product} {ergonomic}
     bool UseLargePagesIndividualAllocation        = false                                  {pd product} {ergonomic}
     bool UseParallelGC                            = true                                      {product} {command line}

Logging:
Log output configuration:
 #0: stdout all=off uptime,level,tags foldmultilines=false
 #1: stderr all=off uptime,level,tags foldmultilines=false

Environment Variables:
PATH=C:\Program Files\OpenLogic\jdk-8.0.382.05-hotspot\bin;C:\windows\system32;C:\windows;C:\windows\System32\Wbem;C:\windows\System32\WindowsPowerShell\v1.0\;C:\windows\System32\OpenSSH\;C:\Program Files (x86)\NVIDIA Corporation\PhysX\Common;C:\Program Files\NVIDIA Corporation\NVIDIA NvDLISR;C:\Users\Sam\flutter\bin;C:\Program Files\nodejs\;C:\Program Files\Git\cmd;C:\WINDOWS\system32;C:\WINDOWS;C:\WINDOWS\System32\Wbem;C:\WINDOWS\System32\WindowsPowerShell\v1.0\;C:\WINDOWS\System32\OpenSSH\;C:\Ruby32-x64\bin;C:\Users\Sam\AppData\Local\Programs\Python\Launcher\;C:\Users\Sam\AppData\Local\Microsoft\WindowsApps;C:\Users\Sam\AppData\Local\Programs\Microsoft VS Code\bin;C:\Program Files\JetBrains\IntelliJ IDEA 2022.1.1\bin;;C:\Users\Sam\flutter\bin;C:\Users\Sam\AppData\Roaming\npm;C:\Program Files\nodejs;C:\Users\Sam\AppData\Local\Pub\Cache\bin;C:\Users\Sam\AppData\Local\Microsoft\WinGet\Packages\yt-dlp.FFmpeg_Microsoft.Winget.Source_8wekyb3d8bbwe\ffmpeg-N-121271-g74115b017c-win64-gpl/bin;C:\Users\Sam\AppData\Local\Microsoft\WinGet\Links;
USERNAME=Sam
OS=Windows_NT
PROCESSOR_IDENTIFIER=Intel64 Family 6 Model 154 Stepping 3, GenuineIntel
TMP=C:\Users\Sam\AppData\Local\Temp
TEMP=C:\Users\Sam\AppData\Local\Temp




Periodic native trim disabled

---------------  S Y S T E M  ---------------

OS:
 Windows 11 , 64 bit Build 26100 (10.0.26100.6725)
OS uptime: 0 days 22:51 hours
Hyper-V role detected

CPU: total 20 (initial active 20) (10 cores per cpu, 2 threads per core) family 6 model 154 stepping 3 microcode 0x434, cx8, cmov, fxsr, ht, mmx, 3dnowpref, sse, sse2, sse3, ssse3, sse4.1, sse4.2, popcnt, lzcnt, tsc, tscinvbit, avx, avx2, aes, erms, clmul, bmi1, bmi2, adx, sha, fma, vzeroupper, clflush, clflushopt, clwb, hv, serialize, rdtscp, rdpid, fsrm, f16c, cet_ibt, cet_ss
Processor Information for the first 20 processors :
  Max Mhz: 2300, Current Mhz: 2300, Mhz Limit: 2300

Memory: 4k page, system-wide physical 24243M (2868M free)
TotalPageFile size 33164M (AvailPageFile size 35M)
current process WorkingSet (physical memory assigned to process): 334M, peak: 343M
current process commit charge ("private bytes"): 438M, peak: 446M

vm_info: OpenJDK 64-Bit Server VM (21.0.8+9-LTS) for windows-amd64 JRE (21.0.8+9-LTS), built on 2025-07-15T00:00:00Z by "admin" with MS VC++ 17.7 (VS2022)

END.
